<?xml version="1.0" encoding="UTF-8"?>
<!-- Generated by org.testng.reporters.JUnitXMLReporter -->
<testsuite ignored="0" hostname="DESKTOP-3KVDAHT" failures="1" tests="1" name="Default test(failed)" time="0.046" errors="0" timestamp="2023-05-12T13:27:43 PDT">
  <testcase classname="Test.AppiumDriver" name="myTest" time="0.01">
    <failure type="java.lang.Error" message="Unresolved compilation problem: 
	Duplicate local variable driver
">
      <![CDATA[java.lang.Error: Unresolved compilation problem: 
Duplicate local variable driver

at Test.AppiumDriver.myTest(AppiumDriver.java:36)
at java.base/java.util.ArrayList.forEach(ArrayList.java:1511)
... Removed 25 stack frames]]>
    </failure>
  </testcase> <!-- myTest -->
</testsuite> <!-- Default test(failed) -->
