<?xml version="1.0" encoding="UTF-8"?>
<testng-results ignored="0" total="1" passed="1" failed="0" skipped="0">
  <reporter-output>
  </reporter-output>
  <suite started-at="2023-05-12T14:37:45 PDT" name="Default suite" finished-at="2023-05-12T14:37:55 PDT" duration-ms="10316">
    <groups>
    </groups>
    <test started-at="2023-05-12T14:37:45 PDT" name="Default test" finished-at="2023-05-12T14:37:55 PDT" duration-ms="10316">
      <class name="Test.AppiumDriver">
        <test-method signature="myTest()[pri:0, instance:Test.AppiumDriver@6eda5c9]" started-at="2023-05-12T14:37:45 PDT" name="myTest" finished-at="2023-05-12T14:37:55 PDT" duration-ms="10278" status="PASS">
          <reporter-output>
          </reporter-output>
        </test-method> <!-- myTest -->
      </class> <!-- Test.AppiumDriver -->
    </test> <!-- Default test -->
  </suite> <!-- Default suite -->
</testng-results>
